2019-10-26 17:44:40 [py.warnings] WARNING: E:\y_codes\Django_example\spider\ip_spider.py:11: MonkeyPatchWarning: Monkey-patching ssl after ssl has already been imported may lead to errors, including RecursionError on Python 3.6. It may also silently lead to incorrect behaviour on Python 3.7. Please monkey-patch earlier. See https://github.com/gevent/gevent/issues/1016. Modules that had direct imports (NOT patched): ['urllib3.util.ssl_ (C:\\Program Files\\python36\\lib\\site-packages\\urllib3\\util\\ssl_.py)', 'urllib3.util (C:\\Program Files\\python36\\lib\\site-packages\\urllib3\\util\\__init__.py)']. 
  monkey.patch_all()

2019-10-26 17:44:43 [py.warnings] WARNING: C:\Program Files\python36\lib\site-packages\gevent\timeout.py:217: UserWarning: libuv only supports millisecond timer resolution; all times less will be set to 1 ms
  self.timer = get_hub().loop.timer(seconds or 0.0, ref=ref, priority=priority)

2019-10-26 17:46:04 [scrapy.downloadermiddlewares.robotstxt] ERROR: Error downloading <GET https://wallhaven.cc/robots.txt>: Connection was refused by other side: 10061: 由于目标计算机积极拒绝，无法连接。.
Traceback (most recent call last):
  File "C:\Program Files\python36\lib\site-packages\scrapy\core\downloader\middleware.py", line 44, in process_request
    defer.returnValue((yield download_func(request=request, spider=spider)))
twisted.internet.error.ConnectionRefusedError: Connection was refused by other side: 10061: 由于目标计算机积极拒绝，无法连接。.
2019-10-26 17:46:51 [scrapy_static.pipelines] WARNING: 下载失败：https://w.wallhaven.cc/full/ne/wallhaven-nedpp8.jpg
2019-10-26 17:47:06 [scrapy_static.pipelines] WARNING: 下载失败：https://w.wallhaven.cc/full/nr/wallhaven-nrvj9m.jpg
2019-10-26 17:47:08 [scrapy_static.pipelines] WARNING: 下载失败：https://w.wallhaven.cc/full/4x/wallhaven-4xxpmo.jpg
2019-10-26 17:47:11 [scrapy_static.pipelines] WARNING: 下载失败：https://w.wallhaven.cc/full/47/wallhaven-47drl9.jpg
2019-10-26 17:47:13 [scrapy_static.pipelines] WARNING: 下载失败：https://w.wallhaven.cc/full/0q/wallhaven-0qwlml.jpg
2019-10-26 17:47:18 [scrapy_static.pipelines] WARNING: 下载失败：https://w.wallhaven.cc/full/0p/wallhaven-0pry79.jpg
2019-10-26 17:47:22 [scrapy_static.pipelines] WARNING: 下载失败：https://w.wallhaven.cc/full/0p/wallhaven-0pryw9.jpg
2019-10-26 17:47:26 [scrapy_static.pipelines] WARNING: 下载失败：https://w.wallhaven.cc/full/45/wallhaven-451rz8.jpg
2019-10-26 17:47:29 [scrapy_static.pipelines] WARNING: 下载失败：https://w.wallhaven.cc/full/n6/wallhaven-n69wdx.jpg
2019-10-26 17:47:35 [scrapy_static.pipelines] WARNING: 下载失败：https://w.wallhaven.cc/full/0q/wallhaven-0qw3vq.jpg
2019-10-26 17:47:36 [scrapy_static.pipelines] WARNING: 下载失败：https://w.wallhaven.cc/full/4l/wallhaven-4le28p.jpg
2019-10-26 17:47:38 [scrapy_static.pipelines] WARNING: 下载失败：https://w.wallhaven.cc/full/0p/wallhaven-0prwmj.jpg
