2019-01-22 09:12:18,918 [Thread-11:20220] [django.server:154] [basehttp:log_message] [INFO]- "GET /app2/cache/ HTTP/1.1" 200 2059
2019-01-22 17:27:24,280 [Thread-1:14136] [django.server:154] [basehttp:log_message] [WARNING]- "GET / HTTP/1.1" 404 2256
2019-01-22 17:27:46,301 [Thread-1:14136] [django.server:154] [basehttp:log_message] [INFO]- "GET /app2/select HTTP/1.1" 301 0
2019-01-22 17:27:46,343 [Thread-1:14136] [django.server:154] [basehttp:log_message] [INFO]- "GET /app2/select/ HTTP/1.1" 200 1392
2019-01-22 17:27:46,399 [Thread-1:14136] [django.server:154] [basehttp:log_message] [INFO]- "GET /static/js/jquery.min.js HTTP/1.1" 200 83606
2019-01-22 17:27:48,446 [Thread-1:14136] [django.server:154] [basehttp:log_message] [INFO]- "POST /app2/sel/ HTTP/1.1" 200 14
2019-01-22 17:28:23,547 [Thread-1:10896] [django.server:154] [basehttp:log_message] [INFO]- "GET /app2/select/ HTTP/1.1" 200 1393
2019-01-22 17:28:23,939 [Thread-1:10896] [django.server:154] [basehttp:log_message] [INFO]- "GET /app2/select/ HTTP/1.1" 200 1393
2019-01-22 17:28:24,132 [Thread-1:10896] [django.server:154] [basehttp:log_message] [INFO]- "GET /app2/select/ HTTP/1.1" 200 1393
2019-01-22 17:28:26,112 [Thread-1:10896] [django.server:154] [basehttp:log_message] [INFO]- "POST /app2/sel/ HTTP/1.1" 200 14
2019-01-22 17:29:47,390 [Thread-1:12316] [django.server:154] [basehttp:log_message] [INFO]- "GET /app2/select/ HTTP/1.1" 200 1476
2019-01-22 17:29:47,804 [Thread-1:12316] [django.server:154] [basehttp:log_message] [INFO]- "GET /app2/select/ HTTP/1.1" 200 1476
2019-01-22 17:29:53,420 [Thread-1:12316] [django.server:154] [basehttp:log_message] [INFO]- "POST /app2/sel/ HTTP/1.1" 200 14
2019-01-22 17:31:53,285 [Thread-1:16884] [django.server:154] [basehttp:log_message] [INFO]- "GET /app2/select/ HTTP/1.1" 200 1479
2019-01-22 17:31:53,314 [Thread-1:16884] [django.server:154] [basehttp:log_message] [WARNING]- "GET /favicon.ico HTTP/1.1" 404 2307
2019-01-22 17:31:53,699 [Thread-1:16884] [django.server:154] [basehttp:log_message] [INFO]- "GET /app2/select/ HTTP/1.1" 200 1479
2019-01-22 17:31:54,960 [Thread-1:16884] [django.security.csrf:228] [log:log_response] [WARNING]- Forbidden (CSRF token missing or incorrect.): /app2/select/
2019-01-22 17:31:54,963 [Thread-1:16884] [django.server:154] [basehttp:log_message] [WARNING]- "POST /app2/select/ HTTP/1.1" 403 2513
2019-01-22 17:32:08,223 [Thread-1:16884] [django.security.csrf:228] [log:log_response] [WARNING]- Forbidden (CSRF token missing or incorrect.): /app2/select/
2019-01-22 17:32:08,226 [Thread-1:16884] [django.server:154] [basehttp:log_message] [WARNING]- "POST /app2/select/ HTTP/1.1" 403 2513
2019-01-22 17:32:17,633 [Thread-1:16884] [django.server:154] [basehttp:log_message] [INFO]- "GET /app2/select/ HTTP/1.1" 200 1476
2019-01-22 17:32:17,827 [Thread-1:16884] [django.server:154] [basehttp:log_message] [INFO]- "GET /app2/select/ HTTP/1.1" 200 1476
2019-01-22 17:32:19,024 [Thread-1:16884] [django.server:154] [basehttp:log_message] [INFO]- "POST /app2/sel/ HTTP/1.1" 200 14
